[2026-06-09T21:13:36.367Z] 
[2026-06-09T21:13:36.367Z] ======================================================================
[2026-06-09T21:13:36.367Z] EVENT WIPE  env=production  mode=DRY-RUN
[2026-06-09T21:13:36.367Z] ======================================================================
[2026-06-09T21:13:36.367Z] Args: (none)
[2026-06-09T21:13:36.367Z] 
[2026-06-09T21:13:36.367Z] ======================================================================
[2026-06-09T21:13:36.367Z] PRE-COUNTS
[2026-06-09T21:13:36.367Z] ======================================================================
[2026-06-09T21:13:42.660Z] Neo4j: {"Event":0,"Section":0,"Video":0,"Bracket":0,"Image":0,"Gallery":0,"IngestRun":0,"User":82,"City":32,"Style":22}
[2026-06-09T21:13:42.660Z] Postgres: {"eventCards":0,"eventDates":0,"sectionCards":0,"eventLink":0,"reacts":0,"submissions":0,"playlistSubmissions":0,"reviewing":0,"playlistReviewing":0,"taggingReq":0,"ownershipReq":0,"teamReq":0,"users":108,"accounts":18,"userCards":82,"cities":32,"danceStyles":23}
[2026-06-09T21:13:42.661Z] 
[2026-06-09T21:13:42.661Z] ======================================================================
[2026-06-09T21:13:42.662Z] R2: delete objects under prefix events/
[2026-06-09T21:13:42.662Z] ======================================================================
[2026-06-09T21:13:42.670Z] Bucket: dance-chives-images-production  Prefix: events/
[2026-06-09T21:13:42.914Z] R2 listed: 0, deleted: 0
[2026-06-09T21:13:42.914Z] 
[2026-06-09T21:13:42.914Z] ======================================================================
[2026-06-09T21:13:42.914Z] Postgres: delete event-derived + event-tied rows
[2026-06-09T21:13:42.914Z] ======================================================================
[2026-06-09T21:13:42.914Z] [dry-run] would DELETE: reacts, event_cards (+cascade event_dates,
[2026-06-09T21:13:42.914Z]   section_cards), Event, TaggingRequest, OwnershipRequest,
[2026-06-09T21:13:42.914Z]   TeamMemberRequest, reviewing+submissions,
[2026-06-09T21:13:42.914Z]   playlist_reviewing+playlist_submissions, and the RequestApproval /
[2026-06-09T21:13:42.914Z]   Notification rows tied to TAGGING/TEAM_MEMBER/OWNERSHIP requests.
[2026-06-09T21:13:42.914Z] 
[2026-06-09T21:13:42.914Z] ======================================================================
[2026-06-09T21:13:42.914Z] Neo4j: DETACH DELETE event graph
[2026-06-09T21:13:42.914Z] ======================================================================
[2026-06-09T21:13:42.914Z] [dry-run] would DETACH DELETE all :Video nodes (batched)
[2026-06-09T21:13:42.914Z] [dry-run] would DETACH DELETE all :Bracket nodes (batched)
[2026-06-09T21:13:42.914Z] [dry-run] would DETACH DELETE all :Section nodes (batched)
[2026-06-09T21:13:42.914Z] [dry-run] would DETACH DELETE all :Image nodes (batched)
[2026-06-09T21:13:42.914Z] [dry-run] would DETACH DELETE all :Event nodes (batched)
[2026-06-09T21:13:42.914Z] [dry-run] would DETACH DELETE all :IngestRun nodes (batched)
[2026-06-09T21:13:42.914Z] 
[2026-06-09T21:13:42.914Z] ======================================================================
[2026-06-09T21:13:42.914Z] POST-COUNTS
[2026-06-09T21:13:42.914Z] ======================================================================
[2026-06-09T21:13:43.906Z] Neo4j: {"Event":0,"Section":0,"Video":0,"Bracket":0,"Image":0,"Gallery":0,"IngestRun":0,"User":82,"City":32,"Style":22}
[2026-06-09T21:13:43.906Z] Postgres: {"eventCards":0,"eventDates":0,"sectionCards":0,"eventLink":0,"reacts":0,"submissions":0,"playlistSubmissions":0,"reviewing":0,"playlistReviewing":0,"taggingReq":0,"ownershipReq":0,"teamReq":0,"users":108,"accounts":18,"userCards":82,"cities":32,"danceStyles":23}
[2026-06-09T21:13:43.906Z] Dry-run complete. Re-run with --confirm to execute.
