[2026-06-08T23:41:04.217Z] 
[2026-06-08T23:41:04.217Z] ======================================================================
[2026-06-08T23:41:04.217Z] EVENT WIPE  env=production  mode=EXECUTE
[2026-06-08T23:41:04.217Z] ======================================================================
[2026-06-08T23:41:04.217Z] Args: --confirm --i-understand-production
[2026-06-08T23:41:04.217Z] 
[2026-06-08T23:41:04.217Z] ======================================================================
[2026-06-08T23:41:04.217Z] PRE-COUNTS
[2026-06-08T23:41:04.217Z] ======================================================================
[2026-06-08T23:41:06.418Z] Neo4j: {"Event":118,"Section":153,"Video":1418,"Bracket":314,"Image":108,"Gallery":108,"User":82,"City":32,"Style":22}
[2026-06-08T23:41:06.418Z] Postgres: {"eventCards":118,"eventDates":403,"sectionCards":150,"eventLink":118,"reacts":64,"submissions":64,"playlistSubmissions":4,"reviewing":41,"playlistReviewing":4,"taggingReq":4,"ownershipReq":0,"teamReq":0,"users":107,"accounts":18,"userCards":82,"cities":32,"danceStyles":23}
[2026-06-08T23:41:06.419Z] 
[2026-06-08T23:41:06.419Z] ======================================================================
[2026-06-08T23:41:06.419Z] R2: delete objects under prefix events/
[2026-06-08T23:41:06.419Z] ======================================================================
[2026-06-08T23:41:06.425Z] Bucket: dance-chives-images-production  Prefix: events/
[2026-06-08T23:41:07.447Z]   Deleted batch of 104 objects
[2026-06-08T23:41:07.447Z] R2 listed: 104, deleted: 104
[2026-06-08T23:41:07.448Z] 
[2026-06-08T23:41:07.448Z] ======================================================================
[2026-06-08T23:41:07.448Z] Postgres: delete event-derived + event-tied rows
[2026-06-08T23:41:07.448Z] ======================================================================
[2026-06-08T23:41:07.492Z] reacts: 64
[2026-06-08T23:41:07.533Z] event_cards: 118
[2026-06-08T23:41:07.553Z] Event (ownership link): 118
[2026-06-08T23:41:07.580Z] TaggingRequest: 4
[2026-06-08T23:41:07.623Z] OwnershipRequest: 0
[2026-06-08T23:41:07.658Z] TeamMemberRequest: 0
[2026-06-08T23:41:07.776Z] submissions: 64
[2026-06-08T23:41:07.810Z] playlist_submissions: 4
[2026-06-08T23:41:07.857Z] RequestApproval (event-tied): 10
[2026-06-08T23:41:07.880Z] Notification (event/request-tied): 17
[2026-06-08T23:41:07.912Z] Postgres transaction committed.
[2026-06-08T23:41:07.912Z] 
[2026-06-08T23:41:07.912Z] ======================================================================
[2026-06-08T23:41:07.912Z] Neo4j: DETACH DELETE event graph
[2026-06-08T23:41:07.912Z] ======================================================================
[2026-06-08T23:41:09.748Z] :Video deleted 1418
[2026-06-08T23:41:09.955Z] :Bracket deleted 314
[2026-06-08T23:41:10.196Z] :Section deleted 153
[2026-06-08T23:41:10.385Z] :Image deleted 108
[2026-06-08T23:41:10.585Z] :Event deleted 118
[2026-06-08T23:41:10.585Z] 
[2026-06-08T23:41:10.585Z] ======================================================================
[2026-06-08T23:41:10.585Z] POST-COUNTS
[2026-06-08T23:41:10.585Z] ======================================================================
[2026-06-08T23:41:11.634Z] Neo4j: {"Event":0,"Section":0,"Video":0,"Bracket":0,"Image":0,"Gallery":0,"User":82,"City":32,"Style":22}
[2026-06-08T23:41:11.634Z] Postgres: {"eventCards":0,"eventDates":0,"sectionCards":0,"eventLink":0,"reacts":0,"submissions":0,"playlistSubmissions":0,"reviewing":0,"playlistReviewing":0,"taggingReq":0,"ownershipReq":0,"teamReq":0,"users":107,"accounts":18,"userCards":82,"cities":32,"danceStyles":23}
[2026-06-08T23:41:11.635Z] 
[2026-06-08T23:41:11.635Z] ======================================================================
[2026-06-08T23:41:11.635Z] VERIFICATION
[2026-06-08T23:41:11.635Z] ======================================================================
[2026-06-08T23:41:11.635Z] ✓ All checks passed: event data gone, accounts/profiles/reference intact.
